#! /c/Source/iverilog-install/bin/vvp
:ivl_version "12.0 (devel)" "(s20150603-1110-g18392a46)";
:ivl_delay_selection "TYPICAL";
:vpi_time_precision - 12;
:vpi_module "D:\iverilog\lib\ivl\system.vpi";
:vpi_module "D:\iverilog\lib\ivl\vhdl_sys.vpi";
:vpi_module "D:\iverilog\lib\ivl\vhdl_textio.vpi";
:vpi_module "D:\iverilog\lib\ivl\v2005_math.vpi";
:vpi_module "D:\iverilog\lib\ivl\va_math.vpi";
S_0000016dca5334e0 .scope module, "Counter" "Counter" 2 21;
 .timescale -9 -12;
    .port_info 0 /INPUT 1 "Clk";
    .port_info 1 /INPUT 1 "Reset";
    .port_info 2 /INPUT 1 "Slt";
    .port_info 3 /INPUT 1 "En";
    .port_info 4 /OUTPUT 64 "Output0";
    .port_info 5 /OUTPUT 64 "Output1";
o0000016dca567fd8 .functor BUFZ 1, C4<z>; HiZ drive
v0000016dca533a80_0 .net "Clk", 0 0, o0000016dca567fd8;  0 drivers
o0000016dca568008 .functor BUFZ 1, C4<z>; HiZ drive
v0000016dca27be60_0 .net "En", 0 0, o0000016dca568008;  0 drivers
v0000016dca27bf00_0 .var "Output0", 63 0;
v0000016dca533670_0 .var "Output1", 63 0;
o0000016dca568098 .functor BUFZ 1, C4<z>; HiZ drive
v0000016dca533710_0 .net "Reset", 0 0, o0000016dca568098;  0 drivers
o0000016dca5680c8 .functor BUFZ 1, C4<z>; HiZ drive
v0000016dca5337b0_0 .net "Slt", 0 0, o0000016dca5680c8;  0 drivers
v0000016dca5aa840_0 .var "cnt", 2 0;
E_0000016dca27ccf0 .event posedge, v0000016dca533a80_0;
    .scope S_0000016dca5334e0;
T_0 ;
    %pushi/vec4 0, 0, 64;
    %assign/vec4 v0000016dca27bf00_0, 0;
    %pushi/vec4 0, 0, 64;
    %assign/vec4 v0000016dca533670_0, 0;
    %pushi/vec4 0, 0, 3;
    %assign/vec4 v0000016dca5aa840_0, 0;
    %end;
    .thread T_0;
    .scope S_0000016dca5334e0;
T_1 ;
    %wait E_0000016dca27ccf0;
    %load/vec4 v0000016dca533710_0;
    %pad/u 32;
    %cmpi/e 1, 0, 32;
    %jmp/0xz  T_1.0, 4;
    %pushi/vec4 0, 0, 64;
    %assign/vec4 v0000016dca27bf00_0, 0;
    %pushi/vec4 0, 0, 64;
    %assign/vec4 v0000016dca533670_0, 0;
    %pushi/vec4 0, 0, 3;
    %assign/vec4 v0000016dca5aa840_0, 0;
    %jmp T_1.1;
T_1.0 ;
    %load/vec4 v0000016dca27be60_0;
    %pad/u 32;
    %cmpi/e 1, 0, 32;
    %jmp/0xz  T_1.2, 4;
    %load/vec4 v0000016dca5337b0_0;
    %pad/u 32;
    %cmpi/e 0, 0, 32;
    %jmp/0xz  T_1.4, 4;
    %load/vec4 v0000016dca27bf00_0;
    %addi 1, 0, 64;
    %assign/vec4 v0000016dca27bf00_0, 0;
    %jmp T_1.5;
T_1.4 ;
    %load/vec4 v0000016dca5aa840_0;
    %pad/u 32;
    %cmpi/e 3, 0, 32;
    %jmp/0xz  T_1.6, 4;
    %pushi/vec4 0, 0, 3;
    %assign/vec4 v0000016dca5aa840_0, 0;
    %load/vec4 v0000016dca533670_0;
    %addi 1, 0, 64;
    %assign/vec4 v0000016dca533670_0, 0;
    %jmp T_1.7;
T_1.6 ;
    %load/vec4 v0000016dca5aa840_0;
    %addi 1, 0, 3;
    %assign/vec4 v0000016dca5aa840_0, 0;
T_1.7 ;
T_1.5 ;
T_1.2 ;
T_1.1 ;
    %jmp T_1;
    .thread T_1;
# The file index is used to find the file name in the following table.
:file_names 3;
    "N/A";
    "<interactive>";
    "Counter.v";
