#! /c/Source/iverilog-install/bin/vvp
:ivl_version "12.0 (devel)" "(s20150603-1110-g18392a46)";
:ivl_delay_selection "TYPICAL";
:vpi_time_precision - 12;
:vpi_module "D:\iverilog\lib\ivl\system.vpi";
:vpi_module "D:\iverilog\lib\ivl\vhdl_sys.vpi";
:vpi_module "D:\iverilog\lib\ivl\vhdl_textio.vpi";
:vpi_module "D:\iverilog\lib\ivl\v2005_math.vpi";
:vpi_module "D:\iverilog\lib\ivl\va_math.vpi";
S_00000183c8bb2f50 .scope module, "cpu_checker_2" "cpu_checker_2" 2 39;
 .timescale -9 -12;
    .port_info 0 /INPUT 1 "clk";
    .port_info 1 /INPUT 1 "reset";
    .port_info 2 /INPUT 8 "char";
    .port_info 3 /INPUT 16 "freq";
    .port_info 4 /OUTPUT 2 "format_type";
    .port_info 5 /OUTPUT 4 "error_code";
L_00000183c8c15550 .functor AND 1, L_00000183c8c912e0, L_00000183c8c917e0, C4<1>, C4<1>;
L_00000183c8c15a90 .functor AND 1, L_00000183c8c15550, L_00000183c8c92b40, C4<1>, C4<1>;
L_00000183c8c157f0 .functor AND 1, L_00000183c8c91740, L_00000183c8c92a00, C4<1>, C4<1>;
L_00000183c8c15c50 .functor AND 1, L_00000183c8c157f0, L_00000183c8c928c0, C4<1>, C4<1>;
L_00000183c8c16350 .functor AND 1, L_00000183c8c91880, L_00000183c8c911a0, C4<1>, C4<1>;
v00000183c8be1310_0 .var "Ans", 31 0;
v00000183c8be0910_0 .var "Time", 31 0;
L_00000183c8fe0088 .functor BUFT 1, C4<1100>, C4<0>, C4<0>, C4<0>;
v00000183c8be0370_0 .net/2u *"_ivl_0", 3 0, L_00000183c8fe0088;  1 drivers
L_00000183c8fe0160 .functor BUFT 1, C4<01>, C4<0>, C4<0>, C4<0>;
v00000183c8be0cd0_0 .net/2u *"_ivl_10", 1 0, L_00000183c8fe0160;  1 drivers
v00000183c8be14f0_0 .net *"_ivl_100", 0 0, L_00000183c8c911a0;  1 drivers
v00000183c8be1590_0 .net *"_ivl_103", 0 0, L_00000183c8c16350;  1 drivers
L_00000183c8fe0700 .functor BUFT 1, C4<0000>, C4<0>, C4<0>, C4<0>;
v00000183c8be1e50_0 .net/2u *"_ivl_104", 3 0, L_00000183c8fe0700;  1 drivers
L_00000183c8fe0748 .functor BUFT 1, C4<1000>, C4<0>, C4<0>, C4<0>;
v00000183c8be1db0_0 .net/2u *"_ivl_106", 3 0, L_00000183c8fe0748;  1 drivers
L_00000183c8fe0790 .functor BUFT 1, C4<1100>, C4<0>, C4<0>, C4<0>;
v00000183c8be1130_0 .net/2u *"_ivl_110", 3 0, L_00000183c8fe0790;  1 drivers
v00000183c8be0f50_0 .net *"_ivl_112", 0 0, L_00000183c8c91e20;  1 drivers
v00000183c8bdffb0_0 .net *"_ivl_114", 3 0, L_00000183c8c90de0;  1 drivers
v00000183c8be0d70_0 .net *"_ivl_116", 3 0, L_00000183c8c91ba0;  1 drivers
L_00000183c8fe07d8 .functor BUFT 1, C4<1100>, C4<0>, C4<0>, C4<0>;
v00000183c8be09b0_0 .net/2u *"_ivl_118", 3 0, L_00000183c8fe07d8;  1 drivers
L_00000183c8fe01a8 .functor BUFT 1, C4<00>, C4<0>, C4<0>, C4<0>;
v00000183c8be0410_0 .net/2u *"_ivl_12", 1 0, L_00000183c8fe01a8;  1 drivers
v00000183c8be0a50_0 .net *"_ivl_120", 0 0, L_00000183c8c92820;  1 drivers
v00000183c8be1450_0 .net *"_ivl_122", 3 0, L_00000183c8c91420;  1 drivers
v00000183c8be1810_0 .net *"_ivl_124", 3 0, L_00000183c8c91560;  1 drivers
L_00000183c8fe0820 .functor BUFT 1, C4<0000>, C4<0>, C4<0>, C4<0>;
v00000183c8be0e10_0 .net/2u *"_ivl_126", 3 0, L_00000183c8fe0820;  1 drivers
v00000183c8be1090_0 .net *"_ivl_128", 3 0, L_00000183c8c91100;  1 drivers
v00000183c8be1a90_0 .net *"_ivl_14", 1 0, L_00000183c8c8f5b0;  1 drivers
v00000183c8be0b90_0 .net *"_ivl_18", 31 0, L_00000183c8c8f6f0;  1 drivers
v00000183c8be1630_0 .net *"_ivl_2", 0 0, L_00000183c8c8f0b0;  1 drivers
L_00000183c8fe01f0 .functor BUFT 1, C4<0000000000000000>, C4<0>, C4<0>, C4<0>;
v00000183c8be16d0_0 .net *"_ivl_21", 15 0, L_00000183c8fe01f0;  1 drivers
L_00000183c8fe0238 .functor BUFT 1, C4<00000000000000000000000000000001>, C4<0>, C4<0>, C4<0>;
v00000183c8be1d10_0 .net/2u *"_ivl_22", 31 0, L_00000183c8fe0238;  1 drivers
v00000183c8be1bd0_0 .net *"_ivl_24", 31 0, L_00000183c8c8f8d0;  1 drivers
v00000183c8be04b0_0 .net *"_ivl_26", 31 0, L_00000183c8c8f970;  1 drivers
v00000183c8be0050_0 .net *"_ivl_28", 31 0, L_00000183c8c91a60;  1 drivers
L_00000183c8fe0280 .functor BUFT 1, C4<0000000000000000>, C4<0>, C4<0>, C4<0>;
v00000183c8be00f0_0 .net *"_ivl_31", 15 0, L_00000183c8fe0280;  1 drivers
L_00000183c8fe02c8 .functor BUFT 1, C4<00000000000000000000000000000001>, C4<0>, C4<0>, C4<0>;
v00000183c8be05f0_0 .net/2u *"_ivl_32", 31 0, L_00000183c8fe02c8;  1 drivers
v00000183c8be0af0_0 .net *"_ivl_34", 31 0, L_00000183c8c926e0;  1 drivers
v00000183c8be0c30_0 .net *"_ivl_36", 31 0, L_00000183c8c91d80;  1 drivers
v00000183c8be0730_0 .net *"_ivl_38", 0 0, L_00000183c8c92320;  1 drivers
L_00000183c8fe00d0 .functor BUFT 1, C4<10>, C4<0>, C4<0>, C4<0>;
v00000183c8be18b0_0 .net/2u *"_ivl_4", 1 0, L_00000183c8fe00d0;  1 drivers
L_00000183c8fe0310 .functor BUFT 1, C4<0000>, C4<0>, C4<0>, C4<0>;
v00000183c8be1b30_0 .net/2u *"_ivl_40", 3 0, L_00000183c8fe0310;  1 drivers
L_00000183c8fe0358 .functor BUFT 1, C4<0001>, C4<0>, C4<0>, C4<0>;
v00000183c8be0190_0 .net/2u *"_ivl_42", 3 0, L_00000183c8fe0358;  1 drivers
L_00000183c8fe03a0 .functor BUFT 1, C4<0000000000000000000000000000000000000000000000000011000000000000>, C4<0>, C4<0>, C4<0>;
v00000183c8be07d0_0 .net/2u *"_ivl_46", 63 0, L_00000183c8fe03a0;  1 drivers
v00000183c8be0eb0_0 .net *"_ivl_48", 0 0, L_00000183c8c912e0;  1 drivers
L_00000183c8fe03e8 .functor BUFT 1, C4<0000000000000000000000000000000000000000000000000100111111111111>, C4<0>, C4<0>, C4<0>;
v00000183c8be0230_0 .net/2u *"_ivl_50", 63 0, L_00000183c8fe03e8;  1 drivers
v00000183c8be0ff0_0 .net *"_ivl_52", 0 0, L_00000183c8c917e0;  1 drivers
v00000183c8be11d0_0 .net *"_ivl_55", 0 0, L_00000183c8c15550;  1 drivers
v00000183c8c8f470_0 .net *"_ivl_57", 1 0, L_00000183c8c92780;  1 drivers
L_00000183c8fe0430 .functor BUFT 1, C4<00>, C4<0>, C4<0>, C4<0>;
v00000183c8c8fa10_0 .net/2u *"_ivl_58", 1 0, L_00000183c8fe0430;  1 drivers
L_00000183c8fe0118 .functor BUFT 1, C4<1100>, C4<0>, C4<0>, C4<0>;
v00000183c8c8ebb0_0 .net/2u *"_ivl_6", 3 0, L_00000183c8fe0118;  1 drivers
v00000183c8c8f790_0 .net *"_ivl_60", 0 0, L_00000183c8c92b40;  1 drivers
v00000183c8c8fbf0_0 .net *"_ivl_63", 0 0, L_00000183c8c15a90;  1 drivers
L_00000183c8fe0478 .functor BUFT 1, C4<0000>, C4<0>, C4<0>, C4<0>;
v00000183c8c8fe70_0 .net/2u *"_ivl_64", 3 0, L_00000183c8fe0478;  1 drivers
L_00000183c8fe04c0 .functor BUFT 1, C4<0010>, C4<0>, C4<0>, C4<0>;
v00000183c8c8e070_0 .net/2u *"_ivl_66", 3 0, L_00000183c8fe04c0;  1 drivers
L_00000183c8fe0508 .functor BUFT 1, C4<0000000000000000000000000000000000000000000000000000000000000000>, C4<0>, C4<0>, C4<0>;
v00000183c8c8e6b0_0 .net/2u *"_ivl_70", 63 0, L_00000183c8fe0508;  1 drivers
v00000183c8c8ff10_0 .net *"_ivl_72", 0 0, L_00000183c8c91740;  1 drivers
L_00000183c8fe0550 .functor BUFT 1, C4<0000000000000000000000000000000000000000000000000010111111111111>, C4<0>, C4<0>, C4<0>;
v00000183c8c8f3d0_0 .net/2u *"_ivl_74", 63 0, L_00000183c8fe0550;  1 drivers
v00000183c8c8ecf0_0 .net *"_ivl_76", 0 0, L_00000183c8c92a00;  1 drivers
v00000183c8c8e430_0 .net *"_ivl_79", 0 0, L_00000183c8c157f0;  1 drivers
v00000183c8c8fdd0_0 .net *"_ivl_8", 0 0, L_00000183c8c8f290;  1 drivers
v00000183c8c8ec50_0 .net *"_ivl_81", 1 0, L_00000183c8c92140;  1 drivers
L_00000183c8fe0598 .functor BUFT 1, C4<00>, C4<0>, C4<0>, C4<0>;
v00000183c8c8ef70_0 .net/2u *"_ivl_82", 1 0, L_00000183c8fe0598;  1 drivers
v00000183c8c8e890_0 .net *"_ivl_84", 0 0, L_00000183c8c928c0;  1 drivers
v00000183c8c8fb50_0 .net *"_ivl_87", 0 0, L_00000183c8c15c50;  1 drivers
L_00000183c8fe05e0 .functor BUFT 1, C4<0000>, C4<0>, C4<0>, C4<0>;
v00000183c8c8e7f0_0 .net/2u *"_ivl_88", 3 0, L_00000183c8fe05e0;  1 drivers
L_00000183c8fe0628 .functor BUFT 1, C4<0100>, C4<0>, C4<0>, C4<0>;
v00000183c8c8ed90_0 .net/2u *"_ivl_90", 3 0, L_00000183c8fe0628;  1 drivers
L_00000183c8fe0670 .functor BUFT 1, C4<00000000000000000000000000000000>, C4<0>, C4<0>, C4<0>;
v00000183c8c8f330_0 .net/2u *"_ivl_94", 31 0, L_00000183c8fe0670;  1 drivers
v00000183c8c8e110_0 .net *"_ivl_96", 0 0, L_00000183c8c91880;  1 drivers
L_00000183c8fe06b8 .functor BUFT 1, C4<00000000000000000000000000011111>, C4<0>, C4<0>, C4<0>;
v00000183c8c8e4d0_0 .net/2u *"_ivl_98", 31 0, L_00000183c8fe06b8;  1 drivers
v00000183c8c8e570_0 .net "a1", 3 0, L_00000183c8c91600;  1 drivers
v00000183c8c8fc90_0 .net "a2", 3 0, L_00000183c8c916a0;  1 drivers
v00000183c8c8ee30_0 .net "a3", 3 0, L_00000183c8c92aa0;  1 drivers
v00000183c8c8f1f0_0 .net "a4", 3 0, L_00000183c8c91b00;  1 drivers
v00000183c8c8f150_0 .var "addr", 63 0;
v00000183c8c8f830_0 .var "ans", 63 0;
v00000183c8c8e930_0 .var "ans2", 31 0;
o00000183c8c35d58 .functor BUFZ 8, C4<zzzzzzzz>; HiZ drive
v00000183c8c8fd30_0 .net "char", 7 0, o00000183c8c35d58;  0 drivers
o00000183c8c35d88 .functor BUFZ 1, C4<z>; HiZ drive
v00000183c8c8fab0_0 .net "clk", 0 0, o00000183c8c35d88;  0 drivers
v00000183c8c8e1b0_0 .var "count", 15 0;
v00000183c8c8e9d0_0 .net "error_code", 3 0, L_00000183c8c914c0;  1 drivers
v00000183c8c8e250_0 .var "f", 15 0;
v00000183c8c8e2f0_0 .net "format_type", 1 0, L_00000183c8c8f650;  1 drivers
o00000183c8c35e78 .functor BUFZ 16, C4<zzzzzzzzzzzzzzzz>; HiZ drive
v00000183c8c8e390_0 .net "freq", 15 0, o00000183c8c35e78;  0 drivers
v00000183c8c8e610_0 .var "grf", 31 0;
v00000183c8c8ea70_0 .var "num", 7 0;
v00000183c8c8f510_0 .var "num2", 7 0;
v00000183c8c8e750_0 .var "pc", 63 0;
o00000183c8c35f68 .functor BUFZ 1, C4<z>; HiZ drive
v00000183c8c8eb10_0 .net "reset", 0 0, o00000183c8c35f68;  0 drivers
v00000183c8c8eed0_0 .var "status", 3 0;
v00000183c8c8f010_0 .var "status2", 3 0;
E_00000183c8c2dc30 .event posedge, v00000183c8c8fab0_0;
L_00000183c8c8f0b0 .cmp/eq 4, v00000183c8c8f010_0, L_00000183c8fe0088;
L_00000183c8c8f290 .cmp/eq 4, v00000183c8c8eed0_0, L_00000183c8fe0118;
L_00000183c8c8f5b0 .functor MUXZ 2, L_00000183c8fe01a8, L_00000183c8fe0160, L_00000183c8c8f290, C4<>;
L_00000183c8c8f650 .functor MUXZ 2, L_00000183c8c8f5b0, L_00000183c8fe00d0, L_00000183c8c8f0b0, C4<>;
L_00000183c8c8f6f0 .concat [ 16 16 0 0], v00000183c8c8e1b0_0, L_00000183c8fe01f0;
L_00000183c8c8f8d0 .arith/sub 32, L_00000183c8c8f6f0, L_00000183c8fe0238;
L_00000183c8c8f970 .shift/r 32, v00000183c8be1310_0, L_00000183c8c8f8d0;
L_00000183c8c91a60 .concat [ 16 16 0 0], v00000183c8c8e1b0_0, L_00000183c8fe0280;
L_00000183c8c926e0 .arith/sub 32, L_00000183c8c91a60, L_00000183c8fe02c8;
L_00000183c8c91d80 .shift/l 32, L_00000183c8c8f970, L_00000183c8c926e0;
L_00000183c8c92320 .cmp/eq 32, L_00000183c8c91d80, v00000183c8be1310_0;
L_00000183c8c91600 .functor MUXZ 4, L_00000183c8fe0358, L_00000183c8fe0310, L_00000183c8c92320, C4<>;
L_00000183c8c912e0 .cmp/ge 64, v00000183c8c8e750_0, L_00000183c8fe03a0;
L_00000183c8c917e0 .cmp/ge 64, L_00000183c8fe03e8, v00000183c8c8e750_0;
L_00000183c8c92780 .part v00000183c8c8e750_0, 0, 2;
L_00000183c8c92b40 .cmp/eq 2, L_00000183c8c92780, L_00000183c8fe0430;
L_00000183c8c916a0 .functor MUXZ 4, L_00000183c8fe04c0, L_00000183c8fe0478, L_00000183c8c15a90, C4<>;
L_00000183c8c91740 .cmp/ge 64, v00000183c8c8f150_0, L_00000183c8fe0508;
L_00000183c8c92a00 .cmp/ge 64, L_00000183c8fe0550, v00000183c8c8f150_0;
L_00000183c8c92140 .part v00000183c8c8f150_0, 0, 2;
L_00000183c8c928c0 .cmp/eq 2, L_00000183c8c92140, L_00000183c8fe0598;
L_00000183c8c92aa0 .functor MUXZ 4, L_00000183c8fe0628, L_00000183c8fe05e0, L_00000183c8c15c50, C4<>;
L_00000183c8c91880 .cmp/ge 32, v00000183c8c8e610_0, L_00000183c8fe0670;
L_00000183c8c911a0 .cmp/ge 32, L_00000183c8fe06b8, v00000183c8c8e610_0;
L_00000183c8c91b00 .functor MUXZ 4, L_00000183c8fe0748, L_00000183c8fe0700, L_00000183c8c16350, C4<>;
L_00000183c8c91e20 .cmp/eq 4, v00000183c8c8f010_0, L_00000183c8fe0790;
L_00000183c8c90de0 .arith/sum 4, L_00000183c8c91600, L_00000183c8c916a0;
L_00000183c8c91ba0 .arith/sum 4, L_00000183c8c90de0, L_00000183c8c92aa0;
L_00000183c8c92820 .cmp/eq 4, v00000183c8c8eed0_0, L_00000183c8fe07d8;
L_00000183c8c91420 .arith/sum 4, L_00000183c8c91600, L_00000183c8c916a0;
L_00000183c8c91560 .arith/sum 4, L_00000183c8c91420, L_00000183c8c91b00;
L_00000183c8c91100 .functor MUXZ 4, L_00000183c8fe0820, L_00000183c8c91560, L_00000183c8c92820, C4<>;
L_00000183c8c914c0 .functor MUXZ 4, L_00000183c8c91100, L_00000183c8c91ba0, L_00000183c8c91e20, C4<>;
    .scope S_00000183c8bb2f50;
T_0 ;
    %pushi/vec4 0, 0, 4;
    %assign/vec4 v00000183c8c8eed0_0, 0;
    %pushi/vec4 0, 0, 4;
    %assign/vec4 v00000183c8c8f010_0, 0;
    %pushi/vec4 0, 0, 8;
    %assign/vec4 v00000183c8c8ea70_0, 0;
    %pushi/vec4 0, 0, 8;
    %assign/vec4 v00000183c8c8f510_0, 0;
    %pushi/vec4 0, 0, 64;
    %assign/vec4 v00000183c8c8f830_0, 0;
    %pushi/vec4 0, 0, 32;
    %assign/vec4 v00000183c8c8e930_0, 0;
    %end;
    .thread T_0;
    .scope S_00000183c8bb2f50;
T_1 ;
    %wait E_00000183c8c2dc30;
    %load/vec4 v00000183c8c8eb10_0;
    %pad/u 32;
    %cmpi/e 1, 0, 32;
    %jmp/0xz  T_1.0, 4;
    %pushi/vec4 0, 0, 4;
    %assign/vec4 v00000183c8c8eed0_0, 0;
    %pushi/vec4 0, 0, 4;
    %assign/vec4 v00000183c8c8f010_0, 0;
    %pushi/vec4 0, 0, 8;
    %assign/vec4 v00000183c8c8ea70_0, 0;
    %pushi/vec4 0, 0, 8;
    %assign/vec4 v00000183c8c8f510_0, 0;
    %pushi/vec4 0, 0, 64;
    %assign/vec4 v00000183c8c8f830_0, 0;
    %pushi/vec4 0, 0, 32;
    %assign/vec4 v00000183c8c8e930_0, 0;
    %jmp T_1.1;
T_1.0 ;
    %load/vec4 v00000183c8c8fd30_0;
    %pushi/vec4 57, 0, 8; draw_string_vec4
    %cmp/u;
    %flag_get/vec4 4;
    %flag_get/vec4 5;
    %or;
    %pushi/vec4 48, 0, 8; draw_string_vec4
    %load/vec4 v00000183c8c8fd30_0;
    %cmp/u;
    %flag_get/vec4 4;
    %flag_get/vec4 5;
    %or;
    %and;
    %flag_set/vec4 8;
    %load/vec4 v00000183c8c8fd30_0;
    %pushi/vec4 102, 0, 8; draw_string_vec4
    %cmp/u;
    %flag_get/vec4 4;
    %flag_get/vec4 5;
    %or;
    %pushi/vec4 97, 0, 8; draw_string_vec4
    %load/vec4 v00000183c8c8fd30_0;
    %cmp/u;
    %flag_get/vec4 4;
    %flag_get/vec4 5;
    %or;
    %and;
    %flag_set/vec4 9;
    %flag_or 9, 8;
    %jmp/0xz  T_1.2, 9;
    %load/vec4 v00000183c8c8fd30_0;
    %pushi/vec4 57, 0, 8; draw_string_vec4
    %cmp/u;
    %flag_get/vec4 4;
    %flag_get/vec4 5;
    %or;
    %pushi/vec4 48, 0, 8; draw_string_vec4
    %load/vec4 v00000183c8c8fd30_0;
    %cmp/u;
    %flag_get/vec4 4;
    %flag_get/vec4 5;
    %or;
    %and;
    %flag_set/vec4 8;
    %jmp/0xz  T_1.4, 8;
    %load/vec4 v00000183c8c8f830_0;
    %ix/load 4, 4, 0;
    %flag_set/imm 4, 0;
    %shiftl 4;
    %load/vec4 v00000183c8c8fd30_0;
    %pad/u 64;
    %pushi/vec4 0, 0, 32; draw_string_vec4
    %pushi/vec4 48, 0, 32; draw_string_vec4
    %concat/vec4; draw_string_vec4
    %sub;
    %add;
    %assign/vec4 v00000183c8c8f830_0, 0;
    %load/vec4 v00000183c8c8e930_0;
    %ix/load 4, 3, 0;
    %flag_set/imm 4, 0;
    %shiftl 4;
    %load/vec4 v00000183c8c8e930_0;
    %ix/load 4, 1, 0;
    %flag_set/imm 4, 0;
    %shiftl 4;
    %add;
    %load/vec4 v00000183c8c8fd30_0;
    %pad/u 32;
    %pushi/vec4 48, 0, 32; draw_string_vec4
    %sub;
    %add;
    %assign/vec4 v00000183c8c8e930_0, 0;
    %load/vec4 v00000183c8c8ea70_0;
    %pad/u 32;
    %cmpi/e 9, 0, 32;
    %jmp/0xz  T_1.6, 4;
    %pushi/vec4 9, 0, 8;
    %assign/vec4 v00000183c8c8ea70_0, 0;
    %jmp T_1.7;
T_1.6 ;
    %load/vec4 v00000183c8c8ea70_0;
    %addi 1, 0, 8;
    %store/vec4 v00000183c8c8ea70_0, 0, 8;
T_1.7 ;
    %jmp T_1.5;
T_1.4 ;
    %load/vec4 v00000183c8c8f830_0;
    %ix/load 4, 4, 0;
    %flag_set/imm 4, 0;
    %shiftl 4;
    %load/vec4 v00000183c8c8fd30_0;
    %pad/u 64;
    %pushi/vec4 0, 0, 32; draw_string_vec4
    %pushi/vec4 97, 0, 32; draw_string_vec4
    %concat/vec4; draw_string_vec4
    %sub;
    %add;
    %addi 10, 0, 64;
    %assign/vec4 v00000183c8c8f830_0, 0;
    %pushi/vec4 0, 0, 8;
    %assign/vec4 v00000183c8c8ea70_0, 0;
    %pushi/vec4 0, 0, 32;
    %assign/vec4 v00000183c8c8e930_0, 0;
T_1.5 ;
    %load/vec4 v00000183c8c8f510_0;
    %pad/u 32;
    %cmpi/e 9, 0, 32;
    %jmp/0xz  T_1.8, 4;
    %pushi/vec4 9, 0, 8;
    %assign/vec4 v00000183c8c8f510_0, 0;
    %jmp T_1.9;
T_1.8 ;
    %load/vec4 v00000183c8c8f510_0;
    %addi 1, 0, 8;
    %store/vec4 v00000183c8c8f510_0, 0, 8;
T_1.9 ;
    %jmp T_1.3;
T_1.2 ;
    %pushi/vec4 0, 0, 8;
    %store/vec4 v00000183c8c8ea70_0, 0, 8;
    %pushi/vec4 0, 0, 8;
    %store/vec4 v00000183c8c8f510_0, 0, 8;
    %pushi/vec4 0, 0, 64;
    %assign/vec4 v00000183c8c8f830_0, 0;
    %pushi/vec4 0, 0, 32;
    %assign/vec4 v00000183c8c8e930_0, 0;
T_1.3 ;
    %load/vec4 v00000183c8c8eed0_0;
    %dup/vec4;
    %pushi/vec4 0, 0, 4;
    %cmp/u;
    %jmp/1 T_1.10, 6;
    %dup/vec4;
    %pushi/vec4 1, 0, 4;
    %cmp/u;
    %jmp/1 T_1.11, 6;
    %dup/vec4;
    %pushi/vec4 2, 0, 4;
    %cmp/u;
    %jmp/1 T_1.12, 6;
    %dup/vec4;
    %pushi/vec4 3, 0, 4;
    %cmp/u;
    %jmp/1 T_1.13, 6;
    %dup/vec4;
    %pushi/vec4 4, 0, 4;
    %cmp/u;
    %jmp/1 T_1.14, 6;
    %dup/vec4;
    %pushi/vec4 5, 0, 4;
    %cmp/u;
    %jmp/1 T_1.15, 6;
    %dup/vec4;
    %pushi/vec4 6, 0, 4;
    %cmp/u;
    %jmp/1 T_1.16, 6;
    %dup/vec4;
    %pushi/vec4 7, 0, 4;
    %cmp/u;
    %jmp/1 T_1.17, 6;
    %dup/vec4;
    %pushi/vec4 8, 0, 4;
    %cmp/u;
    %jmp/1 T_1.18, 6;
    %dup/vec4;
    %pushi/vec4 9, 0, 4;
    %cmp/u;
    %jmp/1 T_1.19, 6;
    %dup/vec4;
    %pushi/vec4 10, 0, 4;
    %cmp/u;
    %jmp/1 T_1.20, 6;
    %dup/vec4;
    %pushi/vec4 11, 0, 4;
    %cmp/u;
    %jmp/1 T_1.21, 6;
    %dup/vec4;
    %pushi/vec4 12, 0, 4;
    %cmp/u;
    %jmp/1 T_1.22, 6;
    %jmp T_1.23;
T_1.10 ;
    %load/vec4 v00000183c8c8fd30_0;
    %pushi/vec4 94, 0, 8; draw_string_vec4
    %cmp/e;
    %jmp/0xz  T_1.24, 4;
    %pushi/vec4 1, 0, 4;
    %assign/vec4 v00000183c8c8eed0_0, 0;
    %jmp T_1.25;
T_1.24 ;
    %pushi/vec4 0, 0, 4;
    %assign/vec4 v00000183c8c8eed0_0, 0;
T_1.25 ;
    %jmp T_1.23;
T_1.11 ;
    %pushi/vec4 0, 0, 32;
    %load/vec4 v00000183c8c8ea70_0;
    %pad/u 32;
    %cmp/u;
    %flag_get/vec4 5;
    %load/vec4 v00000183c8c8ea70_0;
    %pad/u 32;
    %cmpi/u 5, 0, 32;
    %flag_get/vec4 5;
    %and;
    %flag_set/vec4 8;
    %jmp/0xz  T_1.26, 8;
    %pushi/vec4 2, 0, 4;
    %assign/vec4 v00000183c8c8eed0_0, 0;
    %jmp T_1.27;
T_1.26 ;
    %pushi/vec4 0, 0, 4;
    %assign/vec4 v00000183c8c8eed0_0, 0;
T_1.27 ;
    %jmp T_1.23;
T_1.12 ;
    %load/vec4 v00000183c8c8fd30_0;
    %pushi/vec4 64, 0, 8; draw_string_vec4
    %cmp/e;
    %jmp/0xz  T_1.28, 4;
    %load/vec4 v00000183c8c8e930_0;
    %assign/vec4 v00000183c8be0910_0, 0;
    %pushi/vec4 3, 0, 4;
    %assign/vec4 v00000183c8c8eed0_0, 0;
    %jmp T_1.29;
T_1.28 ;
    %pushi/vec4 0, 0, 32;
    %load/vec4 v00000183c8c8ea70_0;
    %pad/u 32;
    %cmp/u;
    %flag_get/vec4 5;
    %load/vec4 v00000183c8c8ea70_0;
    %pad/u 32;
    %cmpi/u 5, 0, 32;
    %flag_get/vec4 5;
    %and;
    %flag_set/vec4 8;
    %jmp/0xz  T_1.30, 8;
    %pushi/vec4 2, 0, 4;
    %assign/vec4 v00000183c8c8eed0_0, 0;
    %jmp T_1.31;
T_1.30 ;
    %pushi/vec4 0, 0, 4;
    %assign/vec4 v00000183c8c8eed0_0, 0;
T_1.31 ;
T_1.29 ;
    %jmp T_1.23;
T_1.13 ;
    %load/vec4 v00000183c8c8f510_0;
    %pad/u 32;
    %cmpi/e 8, 0, 32;
    %jmp/0xz  T_1.32, 4;
    %pushi/vec4 4, 0, 4;
    %assign/vec4 v00000183c8c8eed0_0, 0;
    %jmp T_1.33;
T_1.32 ;
    %pushi/vec4 0, 0, 32;
    %load/vec4 v00000183c8c8f510_0;
    %pad/u 32;
    %cmp/u;
    %flag_get/vec4 5;
    %load/vec4 v00000183c8c8f510_0;
    %pad/u 32;
    %cmpi/u 8, 0, 32;
    %flag_get/vec4 5;
    %and;
    %flag_set/vec4 8;
    %jmp/0xz  T_1.34, 8;
    %pushi/vec4 3, 0, 4;
    %assign/vec4 v00000183c8c8eed0_0, 0;
    %jmp T_1.35;
T_1.34 ;
    %pushi/vec4 0, 0, 4;
    %assign/vec4 v00000183c8c8eed0_0, 0;
T_1.35 ;
T_1.33 ;
    %jmp T_1.23;
T_1.14 ;
    %load/vec4 v00000183c8c8fd30_0;
    %pushi/vec4 58, 0, 8; draw_string_vec4
    %cmp/e;
    %jmp/0xz  T_1.36, 4;
    %load/vec4 v00000183c8c8f830_0;
    %store/vec4 v00000183c8c8e750_0, 0, 64;
    %pushi/vec4 5, 0, 4;
    %assign/vec4 v00000183c8c8eed0_0, 0;
    %jmp T_1.37;
T_1.36 ;
    %pushi/vec4 0, 0, 4;
    %assign/vec4 v00000183c8c8eed0_0, 0;
T_1.37 ;
    %jmp T_1.23;
T_1.15 ;
    %load/vec4 v00000183c8c8fd30_0;
    %pushi/vec4 32, 0, 8; draw_string_vec4
    %cmp/e;
    %jmp/0xz  T_1.38, 4;
    %pushi/vec4 5, 0, 4;
    %assign/vec4 v00000183c8c8eed0_0, 0;
    %jmp T_1.39;
T_1.38 ;
    %load/vec4 v00000183c8c8fd30_0;
    %pushi/vec4 36, 0, 8; draw_string_vec4
    %cmp/e;
    %jmp/0xz  T_1.40, 4;
    %pushi/vec4 6, 0, 4;
    %assign/vec4 v00000183c8c8eed0_0, 0;
    %jmp T_1.41;
T_1.40 ;
    %pushi/vec4 0, 0, 4;
    %assign/vec4 v00000183c8c8eed0_0, 0;
T_1.41 ;
T_1.39 ;
    %jmp T_1.23;
T_1.16 ;
    %pushi/vec4 0, 0, 32;
    %load/vec4 v00000183c8c8ea70_0;
    %pad/u 32;
    %cmp/u;
    %flag_get/vec4 5;
    %load/vec4 v00000183c8c8ea70_0;
    %pad/u 32;
    %cmpi/u 5, 0, 32;
    %flag_get/vec4 5;
    %and;
    %flag_set/vec4 8;
    %jmp/0xz  T_1.42, 8;
    %pushi/vec4 7, 0, 4;
    %assign/vec4 v00000183c8c8eed0_0, 0;
    %jmp T_1.43;
T_1.42 ;
    %pushi/vec4 0, 0, 4;
    %assign/vec4 v00000183c8c8eed0_0, 0;
T_1.43 ;
    %jmp T_1.23;
T_1.17 ;
    %load/vec4 v00000183c8c8fd30_0;
    %pushi/vec4 32, 0, 8; draw_string_vec4
    %cmp/e;
    %jmp/0xz  T_1.44, 4;
    %load/vec4 v00000183c8c8e930_0;
    %assign/vec4 v00000183c8c8e610_0, 0;
    %pushi/vec4 8, 0, 4;
    %assign/vec4 v00000183c8c8eed0_0, 0;
    %jmp T_1.45;
T_1.44 ;
    %load/vec4 v00000183c8c8fd30_0;
    %pushi/vec4 60, 0, 8; draw_string_vec4
    %cmp/e;
    %jmp/0xz  T_1.46, 4;
    %load/vec4 v00000183c8c8e930_0;
    %assign/vec4 v00000183c8c8e610_0, 0;
    %pushi/vec4 9, 0, 4;
    %assign/vec4 v00000183c8c8eed0_0, 0;
    %jmp T_1.47;
T_1.46 ;
    %pushi/vec4 0, 0, 32;
    %load/vec4 v00000183c8c8ea70_0;
    %pad/u 32;
    %cmp/u;
    %flag_get/vec4 5;
    %load/vec4 v00000183c8c8ea70_0;
    %pad/u 32;
    %cmpi/u 5, 0, 32;
    %flag_get/vec4 5;
    %and;
    %flag_set/vec4 8;
    %jmp/0xz  T_1.48, 8;
    %pushi/vec4 7, 0, 4;
    %assign/vec4 v00000183c8c8eed0_0, 0;
    %jmp T_1.49;
T_1.48 ;
    %pushi/vec4 0, 0, 4;
    %assign/vec4 v00000183c8c8eed0_0, 0;
T_1.49 ;
T_1.47 ;
T_1.45 ;
    %jmp T_1.23;
T_1.18 ;
    %load/vec4 v00000183c8c8fd30_0;
    %pushi/vec4 32, 0, 8; draw_string_vec4
    %cmp/e;
    %jmp/0xz  T_1.50, 4;
    %pushi/vec4 8, 0, 4;
    %assign/vec4 v00000183c8c8eed0_0, 0;
    %jmp T_1.51;
T_1.50 ;
    %load/vec4 v00000183c8c8fd30_0;
    %pushi/vec4 60, 0, 8; draw_string_vec4
    %cmp/e;
    %jmp/0xz  T_1.52, 4;
    %pushi/vec4 9, 0, 4;
    %assign/vec4 v00000183c8c8eed0_0, 0;
    %jmp T_1.53;
T_1.52 ;
    %pushi/vec4 0, 0, 4;
    %assign/vec4 v00000183c8c8eed0_0, 0;
T_1.53 ;
T_1.51 ;
    %jmp T_1.23;
T_1.19 ;
    %load/vec4 v00000183c8c8fd30_0;
    %pushi/vec4 61, 0, 8; draw_string_vec4
    %cmp/e;
    %jmp/0xz  T_1.54, 4;
    %pushi/vec4 10, 0, 4;
    %assign/vec4 v00000183c8c8eed0_0, 0;
    %jmp T_1.55;
T_1.54 ;
    %pushi/vec4 0, 0, 4;
    %assign/vec4 v00000183c8c8eed0_0, 0;
T_1.55 ;
    %jmp T_1.23;
T_1.20 ;
    %load/vec4 v00000183c8c8fd30_0;
    %pushi/vec4 32, 0, 8; draw_string_vec4
    %cmp/e;
    %flag_get/vec4 4;
    %load/vec4 v00000183c8c8f510_0;
    %pad/u 32;
    %pushi/vec4 0, 0, 32;
    %cmp/e;
    %flag_get/vec4 4;
    %and;
    %flag_set/vec4 8;
    %jmp/0xz  T_1.56, 8;
    %pushi/vec4 10, 0, 4;
    %assign/vec4 v00000183c8c8eed0_0, 0;
    %jmp T_1.57;
T_1.56 ;
    %load/vec4 v00000183c8c8f510_0;
    %pad/u 32;
    %cmpi/e 8, 0, 32;
    %jmp/0xz  T_1.58, 4;
    %pushi/vec4 11, 0, 4;
    %assign/vec4 v00000183c8c8eed0_0, 0;
    %jmp T_1.59;
T_1.58 ;
    %load/vec4 v00000183c8c8fd30_0;
    %pushi/vec4 32, 0, 8; draw_string_vec4
    %cmp/ne;
    %flag_get/vec4 4;
    %pushi/vec4 0, 0, 32;
    %load/vec4 v00000183c8c8f510_0;
    %pad/u 32;
    %cmp/u;
    %flag_get/vec4 5;
    %and;
    %load/vec4 v00000183c8c8f510_0;
    %pad/u 32;
    %cmpi/u 8, 0, 32;
    %flag_get/vec4 5;
    %and;
    %flag_set/vec4 8;
    %jmp/0xz  T_1.60, 8;
    %pushi/vec4 10, 0, 4;
    %assign/vec4 v00000183c8c8eed0_0, 0;
    %jmp T_1.61;
T_1.60 ;
    %pushi/vec4 0, 0, 4;
    %assign/vec4 v00000183c8c8eed0_0, 0;
T_1.61 ;
T_1.59 ;
T_1.57 ;
    %jmp T_1.23;
T_1.21 ;
    %load/vec4 v00000183c8c8fd30_0;
    %pushi/vec4 35, 0, 8; draw_string_vec4
    %cmp/e;
    %jmp/0xz  T_1.62, 4;
    %pushi/vec4 12, 0, 4;
    %assign/vec4 v00000183c8c8eed0_0, 0;
    %jmp T_1.63;
T_1.62 ;
    %pushi/vec4 0, 0, 4;
    %assign/vec4 v00000183c8c8eed0_0, 0;
T_1.63 ;
    %jmp T_1.23;
T_1.22 ;
    %load/vec4 v00000183c8c8fd30_0;
    %pushi/vec4 94, 0, 8; draw_string_vec4
    %cmp/e;
    %jmp/0xz  T_1.64, 4;
    %pushi/vec4 1, 0, 4;
    %assign/vec4 v00000183c8c8eed0_0, 0;
    %jmp T_1.65;
T_1.64 ;
    %pushi/vec4 0, 0, 4;
    %assign/vec4 v00000183c8c8eed0_0, 0;
T_1.65 ;
    %jmp T_1.23;
T_1.23 ;
    %pop/vec4 1;
    %load/vec4 v00000183c8c8f010_0;
    %dup/vec4;
    %pushi/vec4 0, 0, 4;
    %cmp/u;
    %jmp/1 T_1.66, 6;
    %dup/vec4;
    %pushi/vec4 1, 0, 4;
    %cmp/u;
    %jmp/1 T_1.67, 6;
    %dup/vec4;
    %pushi/vec4 2, 0, 4;
    %cmp/u;
    %jmp/1 T_1.68, 6;
    %dup/vec4;
    %pushi/vec4 3, 0, 4;
    %cmp/u;
    %jmp/1 T_1.69, 6;
    %dup/vec4;
    %pushi/vec4 4, 0, 4;
    %cmp/u;
    %jmp/1 T_1.70, 6;
    %dup/vec4;
    %pushi/vec4 5, 0, 4;
    %cmp/u;
    %jmp/1 T_1.71, 6;
    %dup/vec4;
    %pushi/vec4 6, 0, 4;
    %cmp/u;
    %jmp/1 T_1.72, 6;
    %dup/vec4;
    %pushi/vec4 7, 0, 4;
    %cmp/u;
    %jmp/1 T_1.73, 6;
    %dup/vec4;
    %pushi/vec4 8, 0, 4;
    %cmp/u;
    %jmp/1 T_1.74, 6;
    %dup/vec4;
    %pushi/vec4 9, 0, 4;
    %cmp/u;
    %jmp/1 T_1.75, 6;
    %dup/vec4;
    %pushi/vec4 10, 0, 4;
    %cmp/u;
    %jmp/1 T_1.76, 6;
    %dup/vec4;
    %pushi/vec4 11, 0, 4;
    %cmp/u;
    %jmp/1 T_1.77, 6;
    %dup/vec4;
    %pushi/vec4 12, 0, 4;
    %cmp/u;
    %jmp/1 T_1.78, 6;
    %jmp T_1.79;
T_1.66 ;
    %load/vec4 v00000183c8c8fd30_0;
    %pushi/vec4 94, 0, 8; draw_string_vec4
    %cmp/e;
    %jmp/0xz  T_1.80, 4;
    %pushi/vec4 1, 0, 4;
    %assign/vec4 v00000183c8c8f010_0, 0;
    %jmp T_1.81;
T_1.80 ;
    %pushi/vec4 0, 0, 4;
    %assign/vec4 v00000183c8c8f010_0, 0;
T_1.81 ;
    %jmp T_1.79;
T_1.67 ;
    %pushi/vec4 0, 0, 32;
    %load/vec4 v00000183c8c8ea70_0;
    %pad/u 32;
    %cmp/u;
    %flag_get/vec4 5;
    %load/vec4 v00000183c8c8ea70_0;
    %pad/u 32;
    %cmpi/u 5, 0, 32;
    %flag_get/vec4 5;
    %and;
    %flag_set/vec4 8;
    %jmp/0xz  T_1.82, 8;
    %pushi/vec4 2, 0, 4;
    %assign/vec4 v00000183c8c8f010_0, 0;
    %jmp T_1.83;
T_1.82 ;
    %pushi/vec4 0, 0, 4;
    %assign/vec4 v00000183c8c8f010_0, 0;
T_1.83 ;
    %jmp T_1.79;
T_1.68 ;
    %load/vec4 v00000183c8c8fd30_0;
    %pushi/vec4 64, 0, 8; draw_string_vec4
    %cmp/e;
    %jmp/0xz  T_1.84, 4;
    %pushi/vec4 3, 0, 4;
    %assign/vec4 v00000183c8c8f010_0, 0;
    %jmp T_1.85;
T_1.84 ;
    %pushi/vec4 0, 0, 32;
    %load/vec4 v00000183c8c8ea70_0;
    %pad/u 32;
    %cmp/u;
    %flag_get/vec4 5;
    %load/vec4 v00000183c8c8ea70_0;
    %pad/u 32;
    %cmpi/u 5, 0, 32;
    %flag_get/vec4 5;
    %and;
    %flag_set/vec4 8;
    %jmp/0xz  T_1.86, 8;
    %pushi/vec4 2, 0, 4;
    %assign/vec4 v00000183c8c8f010_0, 0;
    %jmp T_1.87;
T_1.86 ;
    %pushi/vec4 0, 0, 4;
    %assign/vec4 v00000183c8c8f010_0, 0;
T_1.87 ;
T_1.85 ;
    %jmp T_1.79;
T_1.69 ;
    %load/vec4 v00000183c8c8f510_0;
    %pad/u 32;
    %cmpi/e 8, 0, 32;
    %jmp/0xz  T_1.88, 4;
    %pushi/vec4 4, 0, 4;
    %assign/vec4 v00000183c8c8f010_0, 0;
    %jmp T_1.89;
T_1.88 ;
    %pushi/vec4 0, 0, 32;
    %load/vec4 v00000183c8c8f510_0;
    %pad/u 32;
    %cmp/u;
    %flag_get/vec4 5;
    %load/vec4 v00000183c8c8f510_0;
    %pad/u 32;
    %cmpi/u 8, 0, 32;
    %flag_get/vec4 5;
    %and;
    %flag_set/vec4 8;
    %jmp/0xz  T_1.90, 8;
    %pushi/vec4 3, 0, 4;
    %assign/vec4 v00000183c8c8f010_0, 0;
    %jmp T_1.91;
T_1.90 ;
    %pushi/vec4 0, 0, 4;
    %assign/vec4 v00000183c8c8f010_0, 0;
T_1.91 ;
T_1.89 ;
    %jmp T_1.79;
T_1.70 ;
    %load/vec4 v00000183c8c8fd30_0;
    %pushi/vec4 58, 0, 8; draw_string_vec4
    %cmp/e;
    %jmp/0xz  T_1.92, 4;
    %pushi/vec4 5, 0, 4;
    %assign/vec4 v00000183c8c8f010_0, 0;
    %jmp T_1.93;
T_1.92 ;
    %pushi/vec4 0, 0, 4;
    %assign/vec4 v00000183c8c8f010_0, 0;
T_1.93 ;
    %jmp T_1.79;
T_1.71 ;
    %load/vec4 v00000183c8c8fd30_0;
    %pushi/vec4 32, 0, 8; draw_string_vec4
    %cmp/e;
    %jmp/0xz  T_1.94, 4;
    %pushi/vec4 5, 0, 4;
    %assign/vec4 v00000183c8c8f010_0, 0;
    %jmp T_1.95;
T_1.94 ;
    %load/vec4 v00000183c8c8fd30_0;
    %cmpi/e 42, 0, 8;
    %jmp/0xz  T_1.96, 4;
    %pushi/vec4 6, 0, 4;
    %assign/vec4 v00000183c8c8f010_0, 0;
    %jmp T_1.97;
T_1.96 ;
    %pushi/vec4 0, 0, 4;
    %assign/vec4 v00000183c8c8f010_0, 0;
T_1.97 ;
T_1.95 ;
    %jmp T_1.79;
T_1.72 ;
    %load/vec4 v00000183c8c8f510_0;
    %pad/u 32;
    %cmpi/e 8, 0, 32;
    %jmp/0xz  T_1.98, 4;
    %pushi/vec4 7, 0, 4;
    %assign/vec4 v00000183c8c8f010_0, 0;
    %jmp T_1.99;
T_1.98 ;
    %pushi/vec4 0, 0, 32;
    %load/vec4 v00000183c8c8f510_0;
    %pad/u 32;
    %cmp/u;
    %flag_get/vec4 5;
    %load/vec4 v00000183c8c8f510_0;
    %pad/u 32;
    %cmpi/u 8, 0, 32;
    %flag_get/vec4 5;
    %and;
    %flag_set/vec4 8;
    %jmp/0xz  T_1.100, 8;
    %pushi/vec4 6, 0, 4;
    %assign/vec4 v00000183c8c8f010_0, 0;
    %jmp T_1.101;
T_1.100 ;
    %pushi/vec4 0, 0, 4;
    %assign/vec4 v00000183c8c8f010_0, 0;
T_1.101 ;
T_1.99 ;
    %jmp T_1.79;
T_1.73 ;
    %load/vec4 v00000183c8c8fd30_0;
    %pushi/vec4 32, 0, 8; draw_string_vec4
    %cmp/e;
    %jmp/0xz  T_1.102, 4;
    %load/vec4 v00000183c8c8f830_0;
    %assign/vec4 v00000183c8c8f150_0, 0;
    %pushi/vec4 8, 0, 4;
    %assign/vec4 v00000183c8c8f010_0, 0;
    %jmp T_1.103;
T_1.102 ;
    %load/vec4 v00000183c8c8fd30_0;
    %pushi/vec4 60, 0, 8; draw_string_vec4
    %cmp/e;
    %jmp/0xz  T_1.104, 4;
    %load/vec4 v00000183c8c8f830_0;
    %assign/vec4 v00000183c8c8f150_0, 0;
    %pushi/vec4 9, 0, 4;
    %assign/vec4 v00000183c8c8f010_0, 0;
    %jmp T_1.105;
T_1.104 ;
    %pushi/vec4 0, 0, 4;
    %assign/vec4 v00000183c8c8f010_0, 0;
T_1.105 ;
T_1.103 ;
    %jmp T_1.79;
T_1.74 ;
    %load/vec4 v00000183c8c8fd30_0;
    %pushi/vec4 32, 0, 8; draw_string_vec4
    %cmp/e;
    %jmp/0xz  T_1.106, 4;
    %pushi/vec4 8, 0, 4;
    %assign/vec4 v00000183c8c8f010_0, 0;
    %jmp T_1.107;
T_1.106 ;
    %load/vec4 v00000183c8c8fd30_0;
    %pushi/vec4 60, 0, 8; draw_string_vec4
    %cmp/e;
    %jmp/0xz  T_1.108, 4;
    %pushi/vec4 9, 0, 4;
    %assign/vec4 v00000183c8c8f010_0, 0;
    %jmp T_1.109;
T_1.108 ;
    %pushi/vec4 0, 0, 4;
    %assign/vec4 v00000183c8c8f010_0, 0;
T_1.109 ;
T_1.107 ;
    %jmp T_1.79;
T_1.75 ;
    %load/vec4 v00000183c8c8fd30_0;
    %pushi/vec4 61, 0, 8; draw_string_vec4
    %cmp/e;
    %jmp/0xz  T_1.110, 4;
    %pushi/vec4 10, 0, 4;
    %assign/vec4 v00000183c8c8f010_0, 0;
    %jmp T_1.111;
T_1.110 ;
    %pushi/vec4 0, 0, 4;
    %assign/vec4 v00000183c8c8f010_0, 0;
T_1.111 ;
    %jmp T_1.79;
T_1.76 ;
    %load/vec4 v00000183c8c8fd30_0;
    %pushi/vec4 32, 0, 8; draw_string_vec4
    %cmp/e;
    %flag_get/vec4 4;
    %load/vec4 v00000183c8c8f510_0;
    %pad/u 32;
    %pushi/vec4 0, 0, 32;
    %cmp/e;
    %flag_get/vec4 4;
    %and;
    %flag_set/vec4 8;
    %jmp/0xz  T_1.112, 8;
    %pushi/vec4 10, 0, 4;
    %assign/vec4 v00000183c8c8f010_0, 0;
    %jmp T_1.113;
T_1.112 ;
    %load/vec4 v00000183c8c8f510_0;
    %pad/u 32;
    %cmpi/e 8, 0, 32;
    %jmp/0xz  T_1.114, 4;
    %pushi/vec4 11, 0, 4;
    %assign/vec4 v00000183c8c8f010_0, 0;
    %jmp T_1.115;
T_1.114 ;
    %load/vec4 v00000183c8c8fd30_0;
    %pushi/vec4 32, 0, 8; draw_string_vec4
    %cmp/ne;
    %flag_get/vec4 4;
    %pushi/vec4 0, 0, 32;
    %load/vec4 v00000183c8c8f510_0;
    %pad/u 32;
    %cmp/u;
    %flag_get/vec4 5;
    %and;
    %load/vec4 v00000183c8c8f510_0;
    %pad/u 32;
    %cmpi/u 8, 0, 32;
    %flag_get/vec4 5;
    %and;
    %flag_set/vec4 8;
    %jmp/0xz  T_1.116, 8;
    %pushi/vec4 10, 0, 4;
    %assign/vec4 v00000183c8c8f010_0, 0;
    %jmp T_1.117;
T_1.116 ;
    %pushi/vec4 0, 0, 4;
    %assign/vec4 v00000183c8c8f010_0, 0;
T_1.117 ;
T_1.115 ;
T_1.113 ;
    %jmp T_1.79;
T_1.77 ;
    %load/vec4 v00000183c8c8fd30_0;
    %pushi/vec4 35, 0, 8; draw_string_vec4
    %cmp/e;
    %jmp/0xz  T_1.118, 4;
    %pushi/vec4 12, 0, 4;
    %assign/vec4 v00000183c8c8f010_0, 0;
    %jmp T_1.119;
T_1.118 ;
    %pushi/vec4 0, 0, 4;
    %assign/vec4 v00000183c8c8f010_0, 0;
T_1.119 ;
    %jmp T_1.79;
T_1.78 ;
    %load/vec4 v00000183c8c8fd30_0;
    %pushi/vec4 94, 0, 8; draw_string_vec4
    %cmp/e;
    %jmp/0xz  T_1.120, 4;
    %pushi/vec4 1, 0, 4;
    %assign/vec4 v00000183c8c8f010_0, 0;
    %jmp T_1.121;
T_1.120 ;
    %pushi/vec4 0, 0, 4;
    %assign/vec4 v00000183c8c8f010_0, 0;
T_1.121 ;
    %jmp T_1.79;
T_1.79 ;
    %pop/vec4 1;
T_1.1 ;
    %jmp T_1;
    .thread T_1;
    .scope S_00000183c8bb2f50;
T_2 ;
    %wait E_00000183c8c2dc30;
    %load/vec4 v00000183c8be0910_0;
    %ix/load 4, 1, 0;
    %flag_set/imm 4, 0;
    %shiftl 4;
    %store/vec4 v00000183c8be1310_0, 0, 32;
    %pushi/vec4 0, 0, 16;
    %store/vec4 v00000183c8c8e1b0_0, 0, 16;
    %load/vec4 v00000183c8c8e390_0;
    %store/vec4 v00000183c8c8e250_0, 0, 16;
T_2.0 ;
    %load/vec4 v00000183c8c8e250_0;
    %or/r;
    %flag_set/vec4 8;
    %jmp/0xz T_2.1, 8;
    %load/vec4 v00000183c8c8e250_0;
    %ix/load 4, 1, 0;
    %flag_set/imm 4, 0;
    %shiftr 4;
    %store/vec4 v00000183c8c8e250_0, 0, 16;
    %load/vec4 v00000183c8c8e1b0_0;
    %addi 1, 0, 16;
    %store/vec4 v00000183c8c8e1b0_0, 0, 16;
    %jmp T_2.0;
T_2.1 ;
    %jmp T_2;
    .thread T_2;
# The file index is used to find the file name in the following table.
:file_names 3;
    "N/A";
    "<interactive>";
    "cpu_checker_2.v";
