#! /c/Source/iverilog-install/bin/vvp
:ivl_version "12.0 (devel)" "(s20150603-1110-g18392a46)";
:ivl_delay_selection "TYPICAL";
:vpi_time_precision - 12;
:vpi_module "D:\iverilog\lib\ivl\system.vpi";
:vpi_module "D:\iverilog\lib\ivl\vhdl_sys.vpi";
:vpi_module "D:\iverilog\lib\ivl\vhdl_textio.vpi";
:vpi_module "D:\iverilog\lib\ivl\v2005_math.vpi";
:vpi_module "D:\iverilog\lib\ivl\va_math.vpi";
S_00000285887a2d00 .scope module, "cpu_checker" "cpu_checker" 2 39;
 .timescale -9 -12;
    .port_info 0 /INPUT 1 "clk";
    .port_info 1 /INPUT 1 "reset";
    .port_info 2 /INPUT 8 "char";
    .port_info 3 /OUTPUT 2 "format_type";
L_0000028588c40088 .functor BUFT 1, C4<1100>, C4<0>, C4<0>, C4<0>;
v00000285887a33d0_0 .net/2u *"_ivl_0", 3 0, L_0000028588c40088;  1 drivers
L_0000028588c40160 .functor BUFT 1, C4<01>, C4<0>, C4<0>, C4<0>;
v00000285887a35f0_0 .net/2u *"_ivl_10", 1 0, L_0000028588c40160;  1 drivers
L_0000028588c401a8 .functor BUFT 1, C4<00>, C4<0>, C4<0>, C4<0>;
v00000285887d4f10_0 .net/2u *"_ivl_12", 1 0, L_0000028588c401a8;  1 drivers
v00000285887d4fb0_0 .net *"_ivl_14", 1 0, L_0000028588858ee0;  1 drivers
v00000285887d5050_0 .net *"_ivl_2", 0 0, L_0000028588858da0;  1 drivers
L_0000028588c400d0 .functor BUFT 1, C4<10>, C4<0>, C4<0>, C4<0>;
v00000285887d50f0_0 .net/2u *"_ivl_4", 1 0, L_0000028588c400d0;  1 drivers
L_0000028588c40118 .functor BUFT 1, C4<1100>, C4<0>, C4<0>, C4<0>;
v00000285887d5190_0 .net/2u *"_ivl_6", 3 0, L_0000028588c40118;  1 drivers
v00000285887a2e90_0 .net *"_ivl_8", 0 0, L_0000028588858440;  1 drivers
o00000285888010f8 .functor BUFZ 8, C4<zzzzzzzz>; HiZ drive
v0000028588858940_0 .net "char", 7 0, o00000285888010f8;  0 drivers
o0000028588801128 .functor BUFZ 1, C4<z>; HiZ drive
v00000285888584e0_0 .net "clk", 0 0, o0000028588801128;  0 drivers
v0000028588858c60_0 .net "format_type", 1 0, L_00000285888588a0;  1 drivers
v0000028588858800_0 .var "num", 7 0;
v00000285888589e0_0 .var "num2", 7 0;
o00000285888011e8 .functor BUFZ 1, C4<z>; HiZ drive
v0000028588858d00_0 .net "reset", 0 0, o00000285888011e8;  0 drivers
v0000028588858b20_0 .var "status", 3 0;
v0000028588858e40_0 .var "status2", 3 0;
E_00000285887d3bd0 .event posedge, v00000285888584e0_0;
L_0000028588858da0 .cmp/eq 4, v0000028588858e40_0, L_0000028588c40088;
L_0000028588858440 .cmp/eq 4, v0000028588858b20_0, L_0000028588c40118;
L_0000028588858ee0 .functor MUXZ 2, L_0000028588c401a8, L_0000028588c40160, L_0000028588858440, C4<>;
L_00000285888588a0 .functor MUXZ 2, L_0000028588858ee0, L_0000028588c400d0, L_0000028588858da0, C4<>;
    .scope S_00000285887a2d00;
T_0 ;
    %pushi/vec4 0, 0, 4;
    %assign/vec4 v0000028588858b20_0, 0;
    %pushi/vec4 0, 0, 4;
    %assign/vec4 v0000028588858e40_0, 0;
    %pushi/vec4 0, 0, 8;
    %assign/vec4 v0000028588858800_0, 0;
    %pushi/vec4 0, 0, 8;
    %assign/vec4 v00000285888589e0_0, 0;
    %end;
    .thread T_0;
    .scope S_00000285887a2d00;
T_1 ;
    %wait E_00000285887d3bd0;
    %load/vec4 v0000028588858d00_0;
    %pad/u 32;
    %cmpi/e 1, 0, 32;
    %jmp/0xz  T_1.0, 4;
    %pushi/vec4 0, 0, 4;
    %assign/vec4 v0000028588858b20_0, 0;
    %pushi/vec4 0, 0, 4;
    %assign/vec4 v0000028588858e40_0, 0;
    %pushi/vec4 0, 0, 8;
    %assign/vec4 v0000028588858800_0, 0;
    %pushi/vec4 0, 0, 8;
    %assign/vec4 v00000285888589e0_0, 0;
    %jmp T_1.1;
T_1.0 ;
    %load/vec4 v0000028588858940_0;
    %pushi/vec4 57, 0, 8; draw_string_vec4
    %cmp/u;
    %flag_get/vec4 4;
    %flag_get/vec4 5;
    %or;
    %pushi/vec4 48, 0, 8; draw_string_vec4
    %load/vec4 v0000028588858940_0;
    %cmp/u;
    %flag_get/vec4 4;
    %flag_get/vec4 5;
    %or;
    %and;
    %flag_set/vec4 8;
    %load/vec4 v0000028588858940_0;
    %pushi/vec4 102, 0, 8; draw_string_vec4
    %cmp/u;
    %flag_get/vec4 4;
    %flag_get/vec4 5;
    %or;
    %pushi/vec4 97, 0, 8; draw_string_vec4
    %load/vec4 v0000028588858940_0;
    %cmp/u;
    %flag_get/vec4 4;
    %flag_get/vec4 5;
    %or;
    %and;
    %flag_set/vec4 9;
    %flag_or 9, 8;
    %jmp/0xz  T_1.2, 9;
    %load/vec4 v0000028588858940_0;
    %pushi/vec4 57, 0, 8; draw_string_vec4
    %cmp/u;
    %flag_get/vec4 4;
    %flag_get/vec4 5;
    %or;
    %pushi/vec4 48, 0, 8; draw_string_vec4
    %load/vec4 v0000028588858940_0;
    %cmp/u;
    %flag_get/vec4 4;
    %flag_get/vec4 5;
    %or;
    %and;
    %flag_set/vec4 8;
    %jmp/0xz  T_1.4, 8;
    %load/vec4 v0000028588858800_0;
    %pad/u 32;
    %cmpi/e 9, 0, 32;
    %jmp/0xz  T_1.6, 4;
    %pushi/vec4 9, 0, 8;
    %assign/vec4 v0000028588858800_0, 0;
    %jmp T_1.7;
T_1.6 ;
    %load/vec4 v0000028588858800_0;
    %addi 1, 0, 8;
    %store/vec4 v0000028588858800_0, 0, 8;
T_1.7 ;
    %jmp T_1.5;
T_1.4 ;
    %pushi/vec4 0, 0, 8;
    %assign/vec4 v0000028588858800_0, 0;
T_1.5 ;
    %load/vec4 v00000285888589e0_0;
    %pad/u 32;
    %cmpi/e 9, 0, 32;
    %jmp/0xz  T_1.8, 4;
    %pushi/vec4 9, 0, 8;
    %assign/vec4 v00000285888589e0_0, 0;
    %jmp T_1.9;
T_1.8 ;
    %load/vec4 v00000285888589e0_0;
    %addi 1, 0, 8;
    %store/vec4 v00000285888589e0_0, 0, 8;
T_1.9 ;
    %jmp T_1.3;
T_1.2 ;
    %pushi/vec4 0, 0, 8;
    %store/vec4 v0000028588858800_0, 0, 8;
    %pushi/vec4 0, 0, 8;
    %store/vec4 v00000285888589e0_0, 0, 8;
T_1.3 ;
    %load/vec4 v0000028588858b20_0;
    %dup/vec4;
    %pushi/vec4 0, 0, 4;
    %cmp/u;
    %jmp/1 T_1.10, 6;
    %dup/vec4;
    %pushi/vec4 1, 0, 4;
    %cmp/u;
    %jmp/1 T_1.11, 6;
    %dup/vec4;
    %pushi/vec4 2, 0, 4;
    %cmp/u;
    %jmp/1 T_1.12, 6;
    %dup/vec4;
    %pushi/vec4 3, 0, 4;
    %cmp/u;
    %jmp/1 T_1.13, 6;
    %dup/vec4;
    %pushi/vec4 4, 0, 4;
    %cmp/u;
    %jmp/1 T_1.14, 6;
    %dup/vec4;
    %pushi/vec4 5, 0, 4;
    %cmp/u;
    %jmp/1 T_1.15, 6;
    %dup/vec4;
    %pushi/vec4 6, 0, 4;
    %cmp/u;
    %jmp/1 T_1.16, 6;
    %dup/vec4;
    %pushi/vec4 7, 0, 4;
    %cmp/u;
    %jmp/1 T_1.17, 6;
    %dup/vec4;
    %pushi/vec4 8, 0, 4;
    %cmp/u;
    %jmp/1 T_1.18, 6;
    %dup/vec4;
    %pushi/vec4 9, 0, 4;
    %cmp/u;
    %jmp/1 T_1.19, 6;
    %dup/vec4;
    %pushi/vec4 10, 0, 4;
    %cmp/u;
    %jmp/1 T_1.20, 6;
    %dup/vec4;
    %pushi/vec4 11, 0, 4;
    %cmp/u;
    %jmp/1 T_1.21, 6;
    %dup/vec4;
    %pushi/vec4 12, 0, 4;
    %cmp/u;
    %jmp/1 T_1.22, 6;
    %jmp T_1.23;
T_1.10 ;
    %load/vec4 v0000028588858940_0;
    %pushi/vec4 94, 0, 8; draw_string_vec4
    %cmp/e;
    %jmp/0xz  T_1.24, 4;
    %pushi/vec4 1, 0, 4;
    %assign/vec4 v0000028588858b20_0, 0;
    %jmp T_1.25;
T_1.24 ;
    %pushi/vec4 0, 0, 4;
    %assign/vec4 v0000028588858b20_0, 0;
T_1.25 ;
    %jmp T_1.23;
T_1.11 ;
    %pushi/vec4 0, 0, 32;
    %load/vec4 v0000028588858800_0;
    %pad/u 32;
    %cmp/u;
    %flag_get/vec4 5;
    %load/vec4 v0000028588858800_0;
    %pad/u 32;
    %cmpi/u 5, 0, 32;
    %flag_get/vec4 5;
    %and;
    %flag_set/vec4 8;
    %jmp/0xz  T_1.26, 8;
    %pushi/vec4 2, 0, 4;
    %assign/vec4 v0000028588858b20_0, 0;
    %jmp T_1.27;
T_1.26 ;
    %pushi/vec4 0, 0, 4;
    %assign/vec4 v0000028588858b20_0, 0;
T_1.27 ;
    %jmp T_1.23;
T_1.12 ;
    %load/vec4 v0000028588858940_0;
    %pushi/vec4 64, 0, 8; draw_string_vec4
    %cmp/e;
    %jmp/0xz  T_1.28, 4;
    %pushi/vec4 3, 0, 4;
    %assign/vec4 v0000028588858b20_0, 0;
    %jmp T_1.29;
T_1.28 ;
    %pushi/vec4 0, 0, 32;
    %load/vec4 v0000028588858800_0;
    %pad/u 32;
    %cmp/u;
    %flag_get/vec4 5;
    %load/vec4 v0000028588858800_0;
    %pad/u 32;
    %cmpi/u 5, 0, 32;
    %flag_get/vec4 5;
    %and;
    %flag_set/vec4 8;
    %jmp/0xz  T_1.30, 8;
    %pushi/vec4 2, 0, 4;
    %assign/vec4 v0000028588858b20_0, 0;
    %jmp T_1.31;
T_1.30 ;
    %pushi/vec4 0, 0, 4;
    %assign/vec4 v0000028588858b20_0, 0;
T_1.31 ;
T_1.29 ;
    %jmp T_1.23;
T_1.13 ;
    %load/vec4 v00000285888589e0_0;
    %pad/u 32;
    %cmpi/e 8, 0, 32;
    %jmp/0xz  T_1.32, 4;
    %pushi/vec4 4, 0, 4;
    %assign/vec4 v0000028588858b20_0, 0;
    %jmp T_1.33;
T_1.32 ;
    %pushi/vec4 0, 0, 32;
    %load/vec4 v00000285888589e0_0;
    %pad/u 32;
    %cmp/u;
    %flag_get/vec4 5;
    %load/vec4 v00000285888589e0_0;
    %pad/u 32;
    %cmpi/u 8, 0, 32;
    %flag_get/vec4 5;
    %and;
    %flag_set/vec4 8;
    %jmp/0xz  T_1.34, 8;
    %pushi/vec4 3, 0, 4;
    %assign/vec4 v0000028588858b20_0, 0;
    %jmp T_1.35;
T_1.34 ;
    %pushi/vec4 0, 0, 4;
    %assign/vec4 v0000028588858b20_0, 0;
T_1.35 ;
T_1.33 ;
    %jmp T_1.23;
T_1.14 ;
    %load/vec4 v0000028588858940_0;
    %pushi/vec4 58, 0, 8; draw_string_vec4
    %cmp/e;
    %jmp/0xz  T_1.36, 4;
    %pushi/vec4 5, 0, 4;
    %assign/vec4 v0000028588858b20_0, 0;
    %jmp T_1.37;
T_1.36 ;
    %pushi/vec4 0, 0, 4;
    %assign/vec4 v0000028588858b20_0, 0;
T_1.37 ;
    %jmp T_1.23;
T_1.15 ;
    %load/vec4 v0000028588858940_0;
    %pushi/vec4 32, 0, 8; draw_string_vec4
    %cmp/e;
    %jmp/0xz  T_1.38, 4;
    %pushi/vec4 5, 0, 4;
    %assign/vec4 v0000028588858b20_0, 0;
    %jmp T_1.39;
T_1.38 ;
    %load/vec4 v0000028588858940_0;
    %pushi/vec4 36, 0, 8; draw_string_vec4
    %cmp/e;
    %jmp/0xz  T_1.40, 4;
    %pushi/vec4 6, 0, 4;
    %assign/vec4 v0000028588858b20_0, 0;
    %jmp T_1.41;
T_1.40 ;
    %pushi/vec4 0, 0, 4;
    %assign/vec4 v0000028588858b20_0, 0;
T_1.41 ;
T_1.39 ;
    %jmp T_1.23;
T_1.16 ;
    %pushi/vec4 0, 0, 32;
    %load/vec4 v0000028588858800_0;
    %pad/u 32;
    %cmp/u;
    %flag_get/vec4 5;
    %load/vec4 v0000028588858800_0;
    %pad/u 32;
    %cmpi/u 5, 0, 32;
    %flag_get/vec4 5;
    %and;
    %flag_set/vec4 8;
    %jmp/0xz  T_1.42, 8;
    %pushi/vec4 7, 0, 4;
    %assign/vec4 v0000028588858b20_0, 0;
    %jmp T_1.43;
T_1.42 ;
    %pushi/vec4 0, 0, 4;
    %assign/vec4 v0000028588858b20_0, 0;
T_1.43 ;
    %jmp T_1.23;
T_1.17 ;
    %load/vec4 v0000028588858940_0;
    %pushi/vec4 32, 0, 8; draw_string_vec4
    %cmp/e;
    %jmp/0xz  T_1.44, 4;
    %pushi/vec4 8, 0, 4;
    %assign/vec4 v0000028588858b20_0, 0;
    %jmp T_1.45;
T_1.44 ;
    %load/vec4 v0000028588858940_0;
    %pushi/vec4 60, 0, 8; draw_string_vec4
    %cmp/e;
    %jmp/0xz  T_1.46, 4;
    %pushi/vec4 9, 0, 4;
    %assign/vec4 v0000028588858b20_0, 0;
    %jmp T_1.47;
T_1.46 ;
    %pushi/vec4 0, 0, 32;
    %load/vec4 v0000028588858800_0;
    %pad/u 32;
    %cmp/u;
    %flag_get/vec4 5;
    %load/vec4 v0000028588858800_0;
    %pad/u 32;
    %cmpi/u 5, 0, 32;
    %flag_get/vec4 5;
    %and;
    %flag_set/vec4 8;
    %jmp/0xz  T_1.48, 8;
    %pushi/vec4 7, 0, 4;
    %assign/vec4 v0000028588858b20_0, 0;
    %jmp T_1.49;
T_1.48 ;
    %pushi/vec4 0, 0, 4;
    %assign/vec4 v0000028588858b20_0, 0;
T_1.49 ;
T_1.47 ;
T_1.45 ;
    %jmp T_1.23;
T_1.18 ;
    %load/vec4 v0000028588858940_0;
    %pushi/vec4 32, 0, 8; draw_string_vec4
    %cmp/e;
    %jmp/0xz  T_1.50, 4;
    %pushi/vec4 8, 0, 4;
    %assign/vec4 v0000028588858b20_0, 0;
    %jmp T_1.51;
T_1.50 ;
    %load/vec4 v0000028588858940_0;
    %pushi/vec4 60, 0, 8; draw_string_vec4
    %cmp/e;
    %jmp/0xz  T_1.52, 4;
    %pushi/vec4 9, 0, 4;
    %assign/vec4 v0000028588858b20_0, 0;
    %jmp T_1.53;
T_1.52 ;
    %pushi/vec4 0, 0, 4;
    %assign/vec4 v0000028588858b20_0, 0;
T_1.53 ;
T_1.51 ;
    %jmp T_1.23;
T_1.19 ;
    %load/vec4 v0000028588858940_0;
    %pushi/vec4 61, 0, 8; draw_string_vec4
    %cmp/e;
    %jmp/0xz  T_1.54, 4;
    %pushi/vec4 10, 0, 4;
    %assign/vec4 v0000028588858b20_0, 0;
    %jmp T_1.55;
T_1.54 ;
    %pushi/vec4 0, 0, 4;
    %assign/vec4 v0000028588858b20_0, 0;
T_1.55 ;
    %jmp T_1.23;
T_1.20 ;
    %load/vec4 v0000028588858940_0;
    %pushi/vec4 32, 0, 8; draw_string_vec4
    %cmp/e;
    %flag_get/vec4 4;
    %load/vec4 v00000285888589e0_0;
    %pad/u 32;
    %pushi/vec4 0, 0, 32;
    %cmp/e;
    %flag_get/vec4 4;
    %and;
    %flag_set/vec4 8;
    %jmp/0xz  T_1.56, 8;
    %pushi/vec4 10, 0, 4;
    %assign/vec4 v0000028588858b20_0, 0;
    %jmp T_1.57;
T_1.56 ;
    %load/vec4 v00000285888589e0_0;
    %pad/u 32;
    %cmpi/e 8, 0, 32;
    %jmp/0xz  T_1.58, 4;
    %pushi/vec4 11, 0, 4;
    %assign/vec4 v0000028588858b20_0, 0;
    %jmp T_1.59;
T_1.58 ;
    %load/vec4 v0000028588858940_0;
    %pushi/vec4 32, 0, 8; draw_string_vec4
    %cmp/ne;
    %flag_get/vec4 4;
    %pushi/vec4 0, 0, 32;
    %load/vec4 v00000285888589e0_0;
    %pad/u 32;
    %cmp/u;
    %flag_get/vec4 5;
    %and;
    %load/vec4 v00000285888589e0_0;
    %pad/u 32;
    %cmpi/u 8, 0, 32;
    %flag_get/vec4 5;
    %and;
    %flag_set/vec4 8;
    %jmp/0xz  T_1.60, 8;
    %pushi/vec4 10, 0, 4;
    %assign/vec4 v0000028588858b20_0, 0;
    %jmp T_1.61;
T_1.60 ;
    %pushi/vec4 0, 0, 4;
    %assign/vec4 v0000028588858b20_0, 0;
T_1.61 ;
T_1.59 ;
T_1.57 ;
    %jmp T_1.23;
T_1.21 ;
    %load/vec4 v0000028588858940_0;
    %pushi/vec4 35, 0, 8; draw_string_vec4
    %cmp/e;
    %jmp/0xz  T_1.62, 4;
    %pushi/vec4 12, 0, 4;
    %assign/vec4 v0000028588858b20_0, 0;
    %jmp T_1.63;
T_1.62 ;
    %pushi/vec4 0, 0, 4;
    %assign/vec4 v0000028588858b20_0, 0;
T_1.63 ;
    %jmp T_1.23;
T_1.22 ;
    %load/vec4 v0000028588858940_0;
    %pushi/vec4 94, 0, 8; draw_string_vec4
    %cmp/e;
    %jmp/0xz  T_1.64, 4;
    %pushi/vec4 1, 0, 4;
    %assign/vec4 v0000028588858b20_0, 0;
    %jmp T_1.65;
T_1.64 ;
    %pushi/vec4 0, 0, 4;
    %assign/vec4 v0000028588858b20_0, 0;
T_1.65 ;
    %jmp T_1.23;
T_1.23 ;
    %pop/vec4 1;
    %load/vec4 v0000028588858e40_0;
    %dup/vec4;
    %pushi/vec4 0, 0, 4;
    %cmp/u;
    %jmp/1 T_1.66, 6;
    %dup/vec4;
    %pushi/vec4 1, 0, 4;
    %cmp/u;
    %jmp/1 T_1.67, 6;
    %dup/vec4;
    %pushi/vec4 2, 0, 4;
    %cmp/u;
    %jmp/1 T_1.68, 6;
    %dup/vec4;
    %pushi/vec4 3, 0, 4;
    %cmp/u;
    %jmp/1 T_1.69, 6;
    %dup/vec4;
    %pushi/vec4 4, 0, 4;
    %cmp/u;
    %jmp/1 T_1.70, 6;
    %dup/vec4;
    %pushi/vec4 5, 0, 4;
    %cmp/u;
    %jmp/1 T_1.71, 6;
    %dup/vec4;
    %pushi/vec4 6, 0, 4;
    %cmp/u;
    %jmp/1 T_1.72, 6;
    %dup/vec4;
    %pushi/vec4 7, 0, 4;
    %cmp/u;
    %jmp/1 T_1.73, 6;
    %dup/vec4;
    %pushi/vec4 8, 0, 4;
    %cmp/u;
    %jmp/1 T_1.74, 6;
    %dup/vec4;
    %pushi/vec4 9, 0, 4;
    %cmp/u;
    %jmp/1 T_1.75, 6;
    %dup/vec4;
    %pushi/vec4 10, 0, 4;
    %cmp/u;
    %jmp/1 T_1.76, 6;
    %dup/vec4;
    %pushi/vec4 11, 0, 4;
    %cmp/u;
    %jmp/1 T_1.77, 6;
    %dup/vec4;
    %pushi/vec4 12, 0, 4;
    %cmp/u;
    %jmp/1 T_1.78, 6;
    %jmp T_1.79;
T_1.66 ;
    %load/vec4 v0000028588858940_0;
    %pushi/vec4 94, 0, 8; draw_string_vec4
    %cmp/e;
    %jmp/0xz  T_1.80, 4;
    %pushi/vec4 1, 0, 4;
    %assign/vec4 v0000028588858e40_0, 0;
    %jmp T_1.81;
T_1.80 ;
    %pushi/vec4 0, 0, 4;
    %assign/vec4 v0000028588858e40_0, 0;
T_1.81 ;
    %jmp T_1.79;
T_1.67 ;
    %pushi/vec4 0, 0, 32;
    %load/vec4 v0000028588858800_0;
    %pad/u 32;
    %cmp/u;
    %flag_get/vec4 5;
    %load/vec4 v0000028588858800_0;
    %pad/u 32;
    %cmpi/u 5, 0, 32;
    %flag_get/vec4 5;
    %and;
    %flag_set/vec4 8;
    %jmp/0xz  T_1.82, 8;
    %pushi/vec4 2, 0, 4;
    %assign/vec4 v0000028588858e40_0, 0;
    %jmp T_1.83;
T_1.82 ;
    %pushi/vec4 0, 0, 4;
    %assign/vec4 v0000028588858e40_0, 0;
T_1.83 ;
    %jmp T_1.79;
T_1.68 ;
    %load/vec4 v0000028588858940_0;
    %pushi/vec4 64, 0, 8; draw_string_vec4
    %cmp/e;
    %jmp/0xz  T_1.84, 4;
    %pushi/vec4 3, 0, 4;
    %assign/vec4 v0000028588858e40_0, 0;
    %jmp T_1.85;
T_1.84 ;
    %pushi/vec4 0, 0, 32;
    %load/vec4 v0000028588858800_0;
    %pad/u 32;
    %cmp/u;
    %flag_get/vec4 5;
    %load/vec4 v0000028588858800_0;
    %pad/u 32;
    %cmpi/u 5, 0, 32;
    %flag_get/vec4 5;
    %and;
    %flag_set/vec4 8;
    %jmp/0xz  T_1.86, 8;
    %pushi/vec4 2, 0, 4;
    %assign/vec4 v0000028588858e40_0, 0;
    %jmp T_1.87;
T_1.86 ;
    %pushi/vec4 0, 0, 4;
    %assign/vec4 v0000028588858e40_0, 0;
T_1.87 ;
T_1.85 ;
    %jmp T_1.79;
T_1.69 ;
    %load/vec4 v00000285888589e0_0;
    %pad/u 32;
    %cmpi/e 8, 0, 32;
    %jmp/0xz  T_1.88, 4;
    %pushi/vec4 4, 0, 4;
    %assign/vec4 v0000028588858e40_0, 0;
    %jmp T_1.89;
T_1.88 ;
    %pushi/vec4 0, 0, 32;
    %load/vec4 v00000285888589e0_0;
    %pad/u 32;
    %cmp/u;
    %flag_get/vec4 5;
    %load/vec4 v00000285888589e0_0;
    %pad/u 32;
    %cmpi/u 8, 0, 32;
    %flag_get/vec4 5;
    %and;
    %flag_set/vec4 8;
    %jmp/0xz  T_1.90, 8;
    %pushi/vec4 3, 0, 4;
    %assign/vec4 v0000028588858e40_0, 0;
    %jmp T_1.91;
T_1.90 ;
    %pushi/vec4 0, 0, 4;
    %assign/vec4 v0000028588858e40_0, 0;
T_1.91 ;
T_1.89 ;
    %jmp T_1.79;
T_1.70 ;
    %load/vec4 v0000028588858940_0;
    %pushi/vec4 58, 0, 8; draw_string_vec4
    %cmp/e;
    %jmp/0xz  T_1.92, 4;
    %pushi/vec4 5, 0, 4;
    %assign/vec4 v0000028588858e40_0, 0;
    %jmp T_1.93;
T_1.92 ;
    %pushi/vec4 0, 0, 4;
    %assign/vec4 v0000028588858e40_0, 0;
T_1.93 ;
    %jmp T_1.79;
T_1.71 ;
    %load/vec4 v0000028588858940_0;
    %pushi/vec4 32, 0, 8; draw_string_vec4
    %cmp/e;
    %jmp/0xz  T_1.94, 4;
    %pushi/vec4 5, 0, 4;
    %assign/vec4 v0000028588858e40_0, 0;
    %jmp T_1.95;
T_1.94 ;
    %load/vec4 v0000028588858940_0;
    %pushi/vec4 42, 0, 8; draw_string_vec4
    %cmp/e;
    %jmp/0xz  T_1.96, 4;
    %pushi/vec4 6, 0, 4;
    %assign/vec4 v0000028588858e40_0, 0;
    %jmp T_1.97;
T_1.96 ;
    %pushi/vec4 0, 0, 4;
    %assign/vec4 v0000028588858e40_0, 0;
T_1.97 ;
T_1.95 ;
    %jmp T_1.79;
T_1.72 ;
    %load/vec4 v00000285888589e0_0;
    %pad/u 32;
    %cmpi/e 8, 0, 32;
    %jmp/0xz  T_1.98, 4;
    %pushi/vec4 7, 0, 4;
    %assign/vec4 v0000028588858e40_0, 0;
    %jmp T_1.99;
T_1.98 ;
    %pushi/vec4 0, 0, 32;
    %load/vec4 v00000285888589e0_0;
    %pad/u 32;
    %cmp/u;
    %flag_get/vec4 5;
    %load/vec4 v00000285888589e0_0;
    %pad/u 32;
    %cmpi/u 8, 0, 32;
    %flag_get/vec4 5;
    %and;
    %flag_set/vec4 8;
    %jmp/0xz  T_1.100, 8;
    %pushi/vec4 6, 0, 4;
    %assign/vec4 v0000028588858e40_0, 0;
    %jmp T_1.101;
T_1.100 ;
    %pushi/vec4 0, 0, 4;
    %assign/vec4 v0000028588858e40_0, 0;
T_1.101 ;
T_1.99 ;
    %jmp T_1.79;
T_1.73 ;
    %load/vec4 v0000028588858940_0;
    %pushi/vec4 32, 0, 8; draw_string_vec4
    %cmp/e;
    %jmp/0xz  T_1.102, 4;
    %pushi/vec4 8, 0, 4;
    %assign/vec4 v0000028588858e40_0, 0;
    %jmp T_1.103;
T_1.102 ;
    %load/vec4 v0000028588858940_0;
    %pushi/vec4 60, 0, 8; draw_string_vec4
    %cmp/e;
    %jmp/0xz  T_1.104, 4;
    %pushi/vec4 9, 0, 4;
    %assign/vec4 v0000028588858e40_0, 0;
    %jmp T_1.105;
T_1.104 ;
    %pushi/vec4 0, 0, 4;
    %assign/vec4 v0000028588858e40_0, 0;
T_1.105 ;
T_1.103 ;
    %jmp T_1.79;
T_1.74 ;
    %load/vec4 v0000028588858940_0;
    %pushi/vec4 32, 0, 8; draw_string_vec4
    %cmp/e;
    %jmp/0xz  T_1.106, 4;
    %pushi/vec4 8, 0, 4;
    %assign/vec4 v0000028588858e40_0, 0;
    %jmp T_1.107;
T_1.106 ;
    %load/vec4 v0000028588858940_0;
    %pushi/vec4 60, 0, 8; draw_string_vec4
    %cmp/e;
    %jmp/0xz  T_1.108, 4;
    %pushi/vec4 9, 0, 4;
    %assign/vec4 v0000028588858e40_0, 0;
    %jmp T_1.109;
T_1.108 ;
    %pushi/vec4 0, 0, 4;
    %assign/vec4 v0000028588858e40_0, 0;
T_1.109 ;
T_1.107 ;
    %jmp T_1.79;
T_1.75 ;
    %load/vec4 v0000028588858940_0;
    %pushi/vec4 61, 0, 8; draw_string_vec4
    %cmp/e;
    %jmp/0xz  T_1.110, 4;
    %pushi/vec4 10, 0, 4;
    %assign/vec4 v0000028588858e40_0, 0;
    %jmp T_1.111;
T_1.110 ;
    %pushi/vec4 0, 0, 4;
    %assign/vec4 v0000028588858e40_0, 0;
T_1.111 ;
    %jmp T_1.79;
T_1.76 ;
    %load/vec4 v0000028588858940_0;
    %pushi/vec4 32, 0, 8; draw_string_vec4
    %cmp/e;
    %flag_get/vec4 4;
    %load/vec4 v00000285888589e0_0;
    %pad/u 32;
    %pushi/vec4 0, 0, 32;
    %cmp/e;
    %flag_get/vec4 4;
    %and;
    %flag_set/vec4 8;
    %jmp/0xz  T_1.112, 8;
    %pushi/vec4 10, 0, 4;
    %assign/vec4 v0000028588858e40_0, 0;
    %jmp T_1.113;
T_1.112 ;
    %load/vec4 v00000285888589e0_0;
    %pad/u 32;
    %cmpi/e 8, 0, 32;
    %jmp/0xz  T_1.114, 4;
    %pushi/vec4 11, 0, 4;
    %assign/vec4 v0000028588858e40_0, 0;
    %jmp T_1.115;
T_1.114 ;
    %load/vec4 v0000028588858940_0;
    %pushi/vec4 32, 0, 8; draw_string_vec4
    %cmp/ne;
    %flag_get/vec4 4;
    %pushi/vec4 0, 0, 32;
    %load/vec4 v00000285888589e0_0;
    %pad/u 32;
    %cmp/u;
    %flag_get/vec4 5;
    %and;
    %load/vec4 v00000285888589e0_0;
    %pad/u 32;
    %cmpi/u 8, 0, 32;
    %flag_get/vec4 5;
    %and;
    %flag_set/vec4 8;
    %jmp/0xz  T_1.116, 8;
    %pushi/vec4 10, 0, 4;
    %assign/vec4 v0000028588858e40_0, 0;
    %jmp T_1.117;
T_1.116 ;
    %pushi/vec4 0, 0, 4;
    %assign/vec4 v0000028588858e40_0, 0;
T_1.117 ;
T_1.115 ;
T_1.113 ;
    %jmp T_1.79;
T_1.77 ;
    %load/vec4 v0000028588858940_0;
    %pushi/vec4 35, 0, 8; draw_string_vec4
    %cmp/e;
    %jmp/0xz  T_1.118, 4;
    %pushi/vec4 12, 0, 4;
    %assign/vec4 v0000028588858e40_0, 0;
    %jmp T_1.119;
T_1.118 ;
    %pushi/vec4 0, 0, 4;
    %assign/vec4 v0000028588858e40_0, 0;
T_1.119 ;
    %jmp T_1.79;
T_1.78 ;
    %load/vec4 v0000028588858940_0;
    %pushi/vec4 94, 0, 8; draw_string_vec4
    %cmp/e;
    %jmp/0xz  T_1.120, 4;
    %pushi/vec4 1, 0, 4;
    %assign/vec4 v0000028588858e40_0, 0;
    %jmp T_1.121;
T_1.120 ;
    %pushi/vec4 0, 0, 4;
    %assign/vec4 v0000028588858e40_0, 0;
T_1.121 ;
    %jmp T_1.79;
T_1.79 ;
    %pop/vec4 1;
T_1.1 ;
    %jmp T_1;
    .thread T_1;
# The file index is used to find the file name in the following table.
:file_names 3;
    "N/A";
    "<interactive>";
    "cpu_checker.v";
