#! /c/Source/iverilog-install/bin/vvp
:ivl_version "12.0 (devel)" "(s20150603-1110-g18392a46)";
:ivl_delay_selection "TYPICAL";
:vpi_time_precision - 12;
:vpi_module "D:\iverilog\lib\ivl\system.vpi";
:vpi_module "D:\iverilog\lib\ivl\vhdl_sys.vpi";
:vpi_module "D:\iverilog\lib\ivl\vhdl_textio.vpi";
:vpi_module "D:\iverilog\lib\ivl\v2005_math.vpi";
:vpi_module "D:\iverilog\lib\ivl\va_math.vpi";
S_000002e624b833d0 .scope module, "id_fsm" "id_fsm" 2 24;
 .timescale -9 -12;
    .port_info 0 /INPUT 9 "char";
    .port_info 1 /INPUT 1 "clk";
    .port_info 2 /OUTPUT 1 "out";
L_000002e624bfcff8 .functor BUFT 1, C4<10>, C4<0>, C4<0>, C4<0>;
v000002e624b83bf0_0 .net/2u *"_ivl_0", 1 0, L_000002e624bfcff8;  1 drivers
v000002e624b83560_0 .net *"_ivl_2", 0 0, L_000002e624bb3a90;  1 drivers
L_000002e624bfd040 .functor BUFT 1, C4<1>, C4<0>, C4<0>, C4<0>;
v000002e624b83600_0 .net/2u *"_ivl_4", 0 0, L_000002e624bfd040;  1 drivers
L_000002e624bfd088 .functor BUFT 1, C4<0>, C4<0>, C4<0>, C4<0>;
v000002e624b836a0_0 .net/2u *"_ivl_6", 0 0, L_000002e624bfd088;  1 drivers
o000002e624bba038 .functor BUFZ 9, C4<zzzzzzzzz>; HiZ drive
v000002e624b83740_0 .net "char", 8 0, o000002e624bba038;  0 drivers
o000002e624bba068 .functor BUFZ 1, C4<z>; HiZ drive
v000002e624b837e0_0 .net "clk", 0 0, o000002e624bba068;  0 drivers
v000002e624bb38b0_0 .var "in", 8 0;
v000002e624bb3950_0 .net "out", 0 0, L_000002e624bb3f40;  1 drivers
v000002e624bb39f0_0 .var "status", 1 0;
E_000002e624b6b430 .event posedge, v000002e624b837e0_0;
L_000002e624bb3a90 .cmp/eq 2, v000002e624bb39f0_0, L_000002e624bfcff8;
L_000002e624bb3f40 .functor MUXZ 1, L_000002e624bfd088, L_000002e624bfd040, L_000002e624bb3a90, C4<>;
    .scope S_000002e624b833d0;
T_0 ;
    %pushi/vec4 0, 0, 2;
    %assign/vec4 v000002e624bb39f0_0, 0;
    %end;
    .thread T_0;
    .scope S_000002e624b833d0;
T_1 ;
    %wait E_000002e624b6b430;
    %load/vec4 v000002e624b83740_0;
    %store/vec4 v000002e624bb38b0_0, 0, 9;
    %load/vec4 v000002e624bb39f0_0;
    %dup/vec4;
    %pushi/vec4 0, 0, 2;
    %cmp/u;
    %jmp/1 T_1.0, 6;
    %dup/vec4;
    %pushi/vec4 1, 0, 2;
    %cmp/u;
    %jmp/1 T_1.1, 6;
    %dup/vec4;
    %pushi/vec4 2, 0, 2;
    %cmp/u;
    %jmp/1 T_1.2, 6;
    %jmp T_1.3;
T_1.0 ;
    %load/vec4 v000002e624b83740_0;
    %pad/u 32;
    %cmpi/u 123, 0, 32;
    %flag_get/vec4 5;
    %pushi/vec4 96, 0, 32;
    %load/vec4 v000002e624b83740_0;
    %pad/u 32;
    %cmp/u;
    %flag_get/vec4 5;
    %and;
    %flag_set/vec4 8;
    %jmp/0xz  T_1.4, 8;
    %pushi/vec4 1, 0, 2;
    %assign/vec4 v000002e624bb39f0_0, 0;
    %jmp T_1.5;
T_1.4 ;
    %pushi/vec4 0, 0, 2;
    %assign/vec4 v000002e624bb39f0_0, 0;
T_1.5 ;
    %jmp T_1.3;
T_1.1 ;
    %load/vec4 v000002e624b83740_0;
    %pad/u 32;
    %cmpi/u 123, 0, 32;
    %flag_get/vec4 5;
    %pushi/vec4 96, 0, 32;
    %load/vec4 v000002e624b83740_0;
    %pad/u 32;
    %cmp/u;
    %flag_get/vec4 5;
    %and;
    %flag_set/vec4 8;
    %jmp/0xz  T_1.6, 8;
    %pushi/vec4 1, 0, 2;
    %assign/vec4 v000002e624bb39f0_0, 0;
    %jmp T_1.7;
T_1.6 ;
    %load/vec4 v000002e624b83740_0;
    %pad/u 32;
    %cmpi/u 58, 0, 32;
    %flag_get/vec4 5;
    %pushi/vec4 47, 0, 32;
    %load/vec4 v000002e624b83740_0;
    %pad/u 32;
    %cmp/u;
    %flag_get/vec4 5;
    %and;
    %flag_set/vec4 8;
    %jmp/0xz  T_1.8, 8;
    %pushi/vec4 2, 0, 2;
    %assign/vec4 v000002e624bb39f0_0, 0;
    %jmp T_1.9;
T_1.8 ;
    %pushi/vec4 0, 0, 2;
    %assign/vec4 v000002e624bb39f0_0, 0;
T_1.9 ;
T_1.7 ;
    %jmp T_1.3;
T_1.2 ;
    %load/vec4 v000002e624b83740_0;
    %pad/u 32;
    %cmpi/u 123, 0, 32;
    %flag_get/vec4 5;
    %pushi/vec4 96, 0, 32;
    %load/vec4 v000002e624b83740_0;
    %pad/u 32;
    %cmp/u;
    %flag_get/vec4 5;
    %and;
    %flag_set/vec4 8;
    %jmp/0xz  T_1.10, 8;
    %pushi/vec4 1, 0, 2;
    %assign/vec4 v000002e624bb39f0_0, 0;
    %jmp T_1.11;
T_1.10 ;
    %load/vec4 v000002e624b83740_0;
    %pad/u 32;
    %cmpi/u 58, 0, 32;
    %flag_get/vec4 5;
    %pushi/vec4 47, 0, 32;
    %load/vec4 v000002e624b83740_0;
    %pad/u 32;
    %cmp/u;
    %flag_get/vec4 5;
    %and;
    %flag_set/vec4 8;
    %jmp/0xz  T_1.12, 8;
    %pushi/vec4 2, 0, 2;
    %assign/vec4 v000002e624bb39f0_0, 0;
    %jmp T_1.13;
T_1.12 ;
    %pushi/vec4 0, 0, 2;
    %assign/vec4 v000002e624bb39f0_0, 0;
T_1.13 ;
T_1.11 ;
    %jmp T_1.3;
T_1.3 ;
    %pop/vec4 1;
    %jmp T_1;
    .thread T_1;
# The file index is used to find the file name in the following table.
:file_names 3;
    "N/A";
    "<interactive>";
    "id_fsm.v";
